29-Aug-2015 09:31:04.636 INFO [main] org.apache.catalina.startup.VersionLoggerListener.log Server version:        Apache Tomcat/8.0.26
29-Aug-2015 09:31:04.638 INFO [main] org.apache.catalina.startup.VersionLoggerListener.log Server built:          Aug 18 2015 11:38:37 UTC
29-Aug-2015 09:31:04.639 INFO [main] org.apache.catalina.startup.VersionLoggerListener.log Server number:         8.0.26.0
29-Aug-2015 09:31:04.639 INFO [main] org.apache.catalina.startup.VersionLoggerListener.log OS Name:               Mac OS X
29-Aug-2015 09:31:04.639 INFO [main] org.apache.catalina.startup.VersionLoggerListener.log OS Version:            10.10.4
29-Aug-2015 09:31:04.639 INFO [main] org.apache.catalina.startup.VersionLoggerListener.log Architecture:          x86_64
29-Aug-2015 09:31:04.639 INFO [main] org.apache.catalina.startup.VersionLoggerListener.log Java Home:             /Library/Java/JavaVirtualMachines/jdk1.8.0_45.jdk/Contents/Home/jre
29-Aug-2015 09:31:04.639 INFO [main] org.apache.catalina.startup.VersionLoggerListener.log JVM Version:           1.8.0_45-b14
29-Aug-2015 09:31:04.639 INFO [main] org.apache.catalina.startup.VersionLoggerListener.log JVM Vendor:            Oracle Corporation
29-Aug-2015 09:31:04.639 INFO [main] org.apache.catalina.startup.VersionLoggerListener.log CATALINA_BASE:         /Users/paulawaite/Documents/apache-tomcat-8.0.26
29-Aug-2015 09:31:04.640 INFO [main] org.apache.catalina.startup.VersionLoggerListener.log CATALINA_HOME:         /Users/paulawaite/Documents/apache-tomcat-8.0.26
29-Aug-2015 09:31:04.640 INFO [main] org.apache.catalina.startup.VersionLoggerListener.log Command line argument: -Djava.util.logging.config.file=/Users/paulawaite/Documents/apache-tomcat-8.0.26/conf/logging.properties
29-Aug-2015 09:31:04.640 INFO [main] org.apache.catalina.startup.VersionLoggerListener.log Command line argument: -Djava.util.logging.manager=org.apache.juli.ClassLoaderLogManager
29-Aug-2015 09:31:04.640 INFO [main] org.apache.catalina.startup.VersionLoggerListener.log Command line argument: -Djava.endorsed.dirs=/Users/paulawaite/Documents/apache-tomcat-8.0.26/endorsed
29-Aug-2015 09:31:04.640 INFO [main] org.apache.catalina.startup.VersionLoggerListener.log Command line argument: -Dcatalina.base=/Users/paulawaite/Documents/apache-tomcat-8.0.26
29-Aug-2015 09:31:04.641 INFO [main] org.apache.catalina.startup.VersionLoggerListener.log Command line argument: -Dcatalina.home=/Users/paulawaite/Documents/apache-tomcat-8.0.26
29-Aug-2015 09:31:04.641 INFO [main] org.apache.catalina.startup.VersionLoggerListener.log Command line argument: -Djava.io.tmpdir=/Users/paulawaite/Documents/apache-tomcat-8.0.26/temp
29-Aug-2015 09:31:04.641 INFO [main] org.apache.catalina.core.AprLifecycleListener.lifecycleEvent The APR based Apache Tomcat Native library which allows optimal performance in production environments was not found on the java.library.path: /Users/paulawaite/Library/Java/Extensions:/Library/Java/Extensions:/Network/Library/Java/Extensions:/System/Library/Java/Extensions:/usr/lib/java:.
29-Aug-2015 09:31:04.858 INFO [main] org.apache.coyote.AbstractProtocol.init Initializing ProtocolHandler ["http-nio-8080"]
29-Aug-2015 09:31:04.896 INFO [main] org.apache.tomcat.util.net.NioSelectorPool.getSharedSelector Using a shared selector for servlet write/read
29-Aug-2015 09:31:04.902 INFO [main] org.apache.coyote.AbstractProtocol.init Initializing ProtocolHandler ["ajp-nio-8009"]
29-Aug-2015 09:31:04.903 INFO [main] org.apache.tomcat.util.net.NioSelectorPool.getSharedSelector Using a shared selector for servlet write/read
29-Aug-2015 09:31:04.904 INFO [main] org.apache.catalina.startup.Catalina.load Initialization processed in 785 ms
29-Aug-2015 09:31:04.930 INFO [main] org.apache.catalina.core.StandardService.startInternal Starting service Catalina
29-Aug-2015 09:31:04.930 INFO [main] org.apache.catalina.core.StandardEngine.startInternal Starting Servlet Engine: Apache Tomcat/8.0.26
29-Aug-2015 09:31:04.942 INFO [localhost-startStop-1] org.apache.catalina.startup.HostConfig.deployDirectory Deploying web application directory /Users/paulawaite/Documents/apache-tomcat-8.0.26/webapps/docs
29-Aug-2015 09:31:05.239 INFO [localhost-startStop-1] org.apache.catalina.startup.HostConfig.deployDirectory Deployment of web application directory /Users/paulawaite/Documents/apache-tomcat-8.0.26/webapps/docs has finished in 296 ms
29-Aug-2015 09:31:05.239 INFO [localhost-startStop-1] org.apache.catalina.startup.HostConfig.deployDirectory Deploying web application directory /Users/paulawaite/Documents/apache-tomcat-8.0.26/webapps/examples
29-Aug-2015 09:31:05.557 INFO [localhost-startStop-1] org.apache.catalina.startup.HostConfig.deployDirectory Deployment of web application directory /Users/paulawaite/Documents/apache-tomcat-8.0.26/webapps/examples has finished in 318 ms
29-Aug-2015 09:31:05.557 INFO [localhost-startStop-1] org.apache.catalina.startup.HostConfig.deployDirectory Deploying web application directory /Users/paulawaite/Documents/apache-tomcat-8.0.26/webapps/host-manager
29-Aug-2015 09:31:05.581 INFO [localhost-startStop-1] org.apache.catalina.startup.HostConfig.deployDirectory Deployment of web application directory /Users/paulawaite/Documents/apache-tomcat-8.0.26/webapps/host-manager has finished in 24 ms
29-Aug-2015 09:31:05.582 INFO [localhost-startStop-1] org.apache.catalina.startup.HostConfig.deployDirectory Deploying web application directory /Users/paulawaite/Documents/apache-tomcat-8.0.26/webapps/manager
29-Aug-2015 09:31:05.619 INFO [localhost-startStop-1] org.apache.catalina.startup.HostConfig.deployDirectory Deployment of web application directory /Users/paulawaite/Documents/apache-tomcat-8.0.26/webapps/manager has finished in 37 ms
29-Aug-2015 09:31:05.619 INFO [localhost-startStop-1] org.apache.catalina.startup.HostConfig.deployDirectory Deploying web application directory /Users/paulawaite/Documents/apache-tomcat-8.0.26/webapps/ROOT
29-Aug-2015 09:31:05.636 INFO [localhost-startStop-1] org.apache.catalina.startup.HostConfig.deployDirectory Deployment of web application directory /Users/paulawaite/Documents/apache-tomcat-8.0.26/webapps/ROOT has finished in 17 ms
29-Aug-2015 09:31:05.639 INFO [main] org.apache.coyote.AbstractProtocol.start Starting ProtocolHandler ["http-nio-8080"]
29-Aug-2015 09:31:05.646 INFO [main] org.apache.coyote.AbstractProtocol.start Starting ProtocolHandler ["ajp-nio-8009"]
29-Aug-2015 09:31:05.647 INFO [main] org.apache.catalina.startup.Catalina.start Server startup in 742 ms
29-Aug-2015 09:40:25.087 INFO [main] org.apache.catalina.core.StandardServer.await A valid shutdown command was received via the shutdown port. Stopping the Server instance.
29-Aug-2015 09:40:25.087 INFO [main] org.apache.coyote.AbstractProtocol.pause Pausing ProtocolHandler ["http-nio-8080"]
29-Aug-2015 09:40:25.142 INFO [main] org.apache.coyote.AbstractProtocol.pause Pausing ProtocolHandler ["ajp-nio-8009"]
29-Aug-2015 09:40:25.197 INFO [main] org.apache.catalina.core.StandardService.stopInternal Stopping service Catalina
29-Aug-2015 09:40:25.224 INFO [main] org.apache.coyote.AbstractProtocol.stop Stopping ProtocolHandler ["http-nio-8080"]
29-Aug-2015 09:40:25.227 INFO [main] org.apache.coyote.AbstractProtocol.stop Stopping ProtocolHandler ["ajp-nio-8009"]
29-Aug-2015 09:40:25.228 INFO [main] org.apache.coyote.AbstractProtocol.destroy Destroying ProtocolHandler ["http-nio-8080"]
29-Aug-2015 09:40:25.228 INFO [main] org.apache.coyote.AbstractProtocol.destroy Destroying ProtocolHandler ["ajp-nio-8009"]
