28-Aug-2015 19:15:29.475 INFO [main] org.apache.catalina.startup.VersionLoggerListener.log Server version:        Apache Tomcat/8.0.26
28-Aug-2015 19:15:29.477 INFO [main] org.apache.catalina.startup.VersionLoggerListener.log Server built:          Aug 18 2015 11:38:37 UTC
28-Aug-2015 19:15:29.477 INFO [main] org.apache.catalina.startup.VersionLoggerListener.log Server number:         8.0.26.0
28-Aug-2015 19:15:29.477 INFO [main] org.apache.catalina.startup.VersionLoggerListener.log OS Name:               Mac OS X
28-Aug-2015 19:15:29.477 INFO [main] org.apache.catalina.startup.VersionLoggerListener.log OS Version:            10.10.4
28-Aug-2015 19:15:29.477 INFO [main] org.apache.catalina.startup.VersionLoggerListener.log Architecture:          x86_64
28-Aug-2015 19:15:29.477 INFO [main] org.apache.catalina.startup.VersionLoggerListener.log Java Home:             /Library/Java/JavaVirtualMachines/jdk1.8.0_45.jdk/Contents/Home/jre
28-Aug-2015 19:15:29.478 INFO [main] org.apache.catalina.startup.VersionLoggerListener.log JVM Version:           1.8.0_45-b14
28-Aug-2015 19:15:29.478 INFO [main] org.apache.catalina.startup.VersionLoggerListener.log JVM Vendor:            Oracle Corporation
28-Aug-2015 19:15:29.478 INFO [main] org.apache.catalina.startup.VersionLoggerListener.log CATALINA_BASE:         /Users/paulawaite/Documents/apache-tomcat-8.0.26
28-Aug-2015 19:15:29.478 INFO [main] org.apache.catalina.startup.VersionLoggerListener.log CATALINA_HOME:         /Users/paulawaite/Documents/apache-tomcat-8.0.26
28-Aug-2015 19:15:29.478 INFO [main] org.apache.catalina.startup.VersionLoggerListener.log Command line argument: -Djava.util.logging.config.file=/Users/paulawaite/Documents/apache-tomcat-8.0.26/conf/logging.properties
28-Aug-2015 19:15:29.478 INFO [main] org.apache.catalina.startup.VersionLoggerListener.log Command line argument: -Djava.util.logging.manager=org.apache.juli.ClassLoaderLogManager
28-Aug-2015 19:15:29.479 INFO [main] org.apache.catalina.startup.VersionLoggerListener.log Command line argument: -Djava.endorsed.dirs=/Users/paulawaite/Documents/apache-tomcat-8.0.26/endorsed
28-Aug-2015 19:15:29.479 INFO [main] org.apache.catalina.startup.VersionLoggerListener.log Command line argument: -Dcatalina.base=/Users/paulawaite/Documents/apache-tomcat-8.0.26
28-Aug-2015 19:15:29.479 INFO [main] org.apache.catalina.startup.VersionLoggerListener.log Command line argument: -Dcatalina.home=/Users/paulawaite/Documents/apache-tomcat-8.0.26
28-Aug-2015 19:15:29.479 INFO [main] org.apache.catalina.startup.VersionLoggerListener.log Command line argument: -Djava.io.tmpdir=/Users/paulawaite/Documents/apache-tomcat-8.0.26/temp
28-Aug-2015 19:15:29.479 INFO [main] org.apache.catalina.core.AprLifecycleListener.lifecycleEvent The APR based Apache Tomcat Native library which allows optimal performance in production environments was not found on the java.library.path: /Users/paulawaite/Library/Java/Extensions:/Library/Java/Extensions:/Network/Library/Java/Extensions:/System/Library/Java/Extensions:/usr/lib/java:.
28-Aug-2015 19:15:29.693 INFO [main] org.apache.coyote.AbstractProtocol.init Initializing ProtocolHandler ["http-nio-8080"]
28-Aug-2015 19:15:29.730 INFO [main] org.apache.tomcat.util.net.NioSelectorPool.getSharedSelector Using a shared selector for servlet write/read
28-Aug-2015 19:15:29.736 INFO [main] org.apache.coyote.AbstractProtocol.init Initializing ProtocolHandler ["ajp-nio-8009"]
28-Aug-2015 19:15:29.737 INFO [main] org.apache.tomcat.util.net.NioSelectorPool.getSharedSelector Using a shared selector for servlet write/read
28-Aug-2015 19:15:29.738 INFO [main] org.apache.catalina.startup.Catalina.load Initialization processed in 785 ms
28-Aug-2015 19:15:29.764 INFO [main] org.apache.catalina.core.StandardService.startInternal Starting service Catalina
28-Aug-2015 19:15:29.764 INFO [main] org.apache.catalina.core.StandardEngine.startInternal Starting Servlet Engine: Apache Tomcat/8.0.26
28-Aug-2015 19:15:29.774 INFO [localhost-startStop-1] org.apache.catalina.startup.HostConfig.deployDirectory Deploying web application directory /Users/paulawaite/Documents/apache-tomcat-8.0.26/webapps/docs
28-Aug-2015 19:15:30.075 INFO [localhost-startStop-1] org.apache.catalina.startup.HostConfig.deployDirectory Deployment of web application directory /Users/paulawaite/Documents/apache-tomcat-8.0.26/webapps/docs has finished in 301 ms
28-Aug-2015 19:15:30.076 INFO [localhost-startStop-1] org.apache.catalina.startup.HostConfig.deployDirectory Deploying web application directory /Users/paulawaite/Documents/apache-tomcat-8.0.26/webapps/examples
28-Aug-2015 19:15:30.357 INFO [localhost-startStop-1] org.apache.catalina.startup.HostConfig.deployDirectory Deployment of web application directory /Users/paulawaite/Documents/apache-tomcat-8.0.26/webapps/examples has finished in 281 ms
28-Aug-2015 19:15:30.357 INFO [localhost-startStop-1] org.apache.catalina.startup.HostConfig.deployDirectory Deploying web application directory /Users/paulawaite/Documents/apache-tomcat-8.0.26/webapps/host-manager
28-Aug-2015 19:15:30.380 INFO [localhost-startStop-1] org.apache.catalina.startup.HostConfig.deployDirectory Deployment of web application directory /Users/paulawaite/Documents/apache-tomcat-8.0.26/webapps/host-manager has finished in 23 ms
28-Aug-2015 19:15:30.380 INFO [localhost-startStop-1] org.apache.catalina.startup.HostConfig.deployDirectory Deploying web application directory /Users/paulawaite/Documents/apache-tomcat-8.0.26/webapps/manager
28-Aug-2015 19:15:30.400 INFO [localhost-startStop-1] org.apache.catalina.startup.HostConfig.deployDirectory Deployment of web application directory /Users/paulawaite/Documents/apache-tomcat-8.0.26/webapps/manager has finished in 20 ms
28-Aug-2015 19:15:30.401 INFO [localhost-startStop-1] org.apache.catalina.startup.HostConfig.deployDirectory Deploying web application directory /Users/paulawaite/Documents/apache-tomcat-8.0.26/webapps/ROOT
28-Aug-2015 19:15:30.414 INFO [localhost-startStop-1] org.apache.catalina.startup.HostConfig.deployDirectory Deployment of web application directory /Users/paulawaite/Documents/apache-tomcat-8.0.26/webapps/ROOT has finished in 13 ms
28-Aug-2015 19:15:30.417 INFO [main] org.apache.coyote.AbstractProtocol.start Starting ProtocolHandler ["http-nio-8080"]
28-Aug-2015 19:15:30.423 INFO [main] org.apache.coyote.AbstractProtocol.start Starting ProtocolHandler ["ajp-nio-8009"]
28-Aug-2015 19:15:30.424 INFO [main] org.apache.catalina.startup.Catalina.start Server startup in 686 ms
28-Aug-2015 22:58:24.615 WARNING [main] org.apache.catalina.core.StandardServer.await StandardServer.await: Invalid command '' received
28-Aug-2015 23:03:30.408 INFO [main] org.apache.catalina.core.StandardServer.await A valid shutdown command was received via the shutdown port. Stopping the Server instance.
28-Aug-2015 23:03:30.408 INFO [main] org.apache.coyote.AbstractProtocol.pause Pausing ProtocolHandler ["http-nio-8080"]
28-Aug-2015 23:03:30.466 INFO [main] org.apache.coyote.AbstractProtocol.pause Pausing ProtocolHandler ["ajp-nio-8009"]
28-Aug-2015 23:03:30.518 INFO [main] org.apache.catalina.core.StandardService.stopInternal Stopping service Catalina
28-Aug-2015 23:03:30.555 INFO [main] org.apache.coyote.AbstractProtocol.stop Stopping ProtocolHandler ["http-nio-8080"]
28-Aug-2015 23:03:30.559 INFO [main] org.apache.coyote.AbstractProtocol.stop Stopping ProtocolHandler ["ajp-nio-8009"]
28-Aug-2015 23:03:30.559 INFO [main] org.apache.coyote.AbstractProtocol.destroy Destroying ProtocolHandler ["http-nio-8080"]
28-Aug-2015 23:03:30.560 INFO [main] org.apache.coyote.AbstractProtocol.destroy Destroying ProtocolHandler ["ajp-nio-8009"]
